TN:
SF:src/instrumentation.ts
FN:3,register
FNF:1
FNH:0
FNDA:0,register
DA:1,1
DA:2,1
DA:3,1
DA:4,0
DA:5,0
DA:6,0
DA:7,0
DA:8,0
DA:9,0
DA:10,0
DA:11,0
DA:12,1
DA:13,1
LF:13
LH:5
BRF:0
BRH:0
end_of_record
TN:
SF:src/middleware.ts
FN:5,middleware
FNF:1
FNH:1
FNDA:4,middleware
DA:1,1
DA:2,1
DA:3,1
DA:4,1
DA:5,1
DA:6,4
DA:7,4
DA:8,4
DA:9,4
DA:10,4
DA:11,4
DA:12,1
DA:13,1
DA:14,3
DA:15,3
DA:16,4
DA:17,1
DA:18,1
DA:19,2
DA:20,2
DA:21,2
DA:22,1
DA:23,1
DA:24,1
DA:25,1
DA:26,1
DA:27,1
DA:28,1
DA:29,1
DA:30,1
DA:31,1
DA:32,1
DA:33,1
DA:34,1
DA:35,1
LF:35
LH:35
BRDA:5,0,0,4
BRDA:7,1,0,2
BRDA:11,2,0,2
BRDA:11,3,0,1
BRDA:13,4,0,3
BRDA:16,5,0,2
BRDA:16,6,0,1
BRDA:18,7,0,2
BRF:8
BRH:8
end_of_record
TN:
SF:src/app/global-error.tsx
FN:1,(empty-report)
FNF:1
FNH:0
FNDA:0,(empty-report)
DA:1,0
DA:2,0
DA:3,0
DA:4,0
DA:5,0
DA:6,0
DA:7,0
DA:8,0
DA:9,0
DA:10,0
DA:11,0
DA:12,0
DA:13,0
DA:14,0
DA:15,0
DA:16,0
DA:17,0
DA:18,0
DA:19,0
DA:20,0
DA:21,0
DA:22,0
DA:23,0
LF:23
LH:0
BRDA:1,0,0,0
BRF:1
BRH:0
end_of_record
TN:
SF:src/app/layout.tsx
FN:1,(empty-report)
FNF:1
FNH:0
FNDA:0,(empty-report)
DA:1,0
DA:2,0
DA:3,0
DA:4,0
DA:5,0
DA:6,0
DA:7,0
DA:8,0
DA:9,0
DA:10,0
DA:11,0
DA:12,0
DA:13,0
DA:14,0
DA:15,0
DA:16,0
DA:17,0
DA:18,0
DA:19,0
DA:20,0
DA:21,0
DA:22,0
DA:23,0
DA:24,0
DA:25,0
DA:26,0
DA:27,0
DA:28,0
DA:29,0
DA:30,0
DA:31,0
DA:32,0
DA:33,0
DA:34,0
DA:35,0
LF:35
LH:0
BRDA:1,0,0,0
BRF:1
BRH:0
end_of_record
TN:
SF:src/app/page.tsx
FN:16,Home
FN:36,fetchPatients
FN:58,handleLogout
FN:77,handlePatientClick
FN:82,handleDeleteClick
FN:110,handleAddPatient
FN:114,closeModal
FN:119,resetForm
FN:127,handleSubmit
FN:229,onClick
FN:240,onClick
FN:317,onChange
FN:330,onChange
FN:343,onChange
FN:356,onChange
FNF:15
FNH:4
FNDA:9,Home
FNDA:5,fetchPatients
FNDA:0,handleLogout
FNDA:1,handlePatientClick
FNDA:0,handleDeleteClick
FNDA:0,handleAddPatient
FNDA:0,closeModal
FNDA:0,resetForm
FNDA:0,handleSubmit
FNDA:1,onClick
FNDA:0,onClick
FNDA:0,onChange
FNDA:0,onChange
FNDA:0,onChange
FNDA:0,onChange
DA:1,1
DA:2,1
DA:3,1
DA:4,1
DA:5,1
DA:6,1
DA:7,1
DA:8,1
DA:9,1
DA:10,1
DA:11,1
DA:12,1
DA:13,1
DA:14,1
DA:15,1
DA:16,1
DA:17,9
DA:18,9
DA:19,9
DA:20,9
DA:21,9
DA:22,9
DA:23,9
DA:24,9
DA:25,9
DA:26,9
DA:27,9
DA:28,9
DA:29,9
DA:30,9
DA:31,9
DA:32,9
DA:33,9
DA:34,9
DA:35,9
DA:36,5
DA:37,5
DA:38,5
DA:39,5
DA:40,4
DA:41,5
DA:42,0
DA:43,0
DA:44,4
DA:45,4
DA:46,5
DA:47,5
DA:48,1
DA:49,1
DA:50,5
DA:51,5
DA:52,5
DA:53,5
DA:54,5
DA:55,5
DA:56,9
DA:57,9
DA:58,9
DA:59,0
DA:60,0
DA:61,0
DA:62,0
DA:63,0
DA:64,0
DA:65,0
DA:66,0
DA:67,0
DA:68,0
DA:69,0
DA:70,0
DA:71,0
DA:72,0
DA:73,0
DA:74,0
DA:75,0
DA:76,9
DA:77,9
DA:78,1
DA:79,1
DA:80,1
DA:81,9
DA:82,9
DA:83,0
DA:84,0
DA:85,0
DA:86,0
DA:87,0
DA:88,0
DA:89,0
DA:90,0
DA:91,0
DA:92,0
DA:93,0
DA:94,0
DA:95,0
DA:96,0
DA:97,0
DA:98,0
DA:99,0
DA:100,0
DA:101,0
DA:102,0
DA:103,0
DA:104,0
DA:105,0
DA:106,0
DA:107,0
DA:108,0
DA:109,9
DA:110,9
DA:111,0
DA:112,0
DA:113,9
DA:114,9
DA:115,0
DA:116,0
DA:117,0
DA:118,9
DA:119,9
DA:120,0
DA:121,0
DA:122,0
DA:123,0
DA:124,0
DA:125,0
DA:126,9
DA:127,9
DA:128,0
DA:129,0
DA:130,0
DA:131,0
DA:132,0
DA:133,0
DA:134,0
DA:135,0
DA:136,0
DA:137,0
DA:138,0
DA:139,0
DA:140,0
DA:141,0
DA:142,0
DA:143,0
DA:144,0
DA:145,0
DA:146,0
DA:147,0
DA:148,0
DA:149,0
DA:150,0
DA:151,0
DA:152,0
DA:153,0
DA:154,0
DA:155,0
DA:156,0
DA:157,0
DA:158,0
DA:159,0
DA:160,0
DA:161,0
DA:162,0
DA:163,0
DA:164,0
DA:165,0
DA:166,0
DA:167,0
DA:168,0
DA:169,0
DA:170,0
DA:171,0
DA:172,0
DA:173,0
DA:174,9
DA:175,9
DA:176,9
DA:177,9
DA:178,9
DA:179,9
DA:180,9
DA:181,9
DA:182,9
DA:183,9
DA:184,9
DA:185,9
DA:186,9
DA:187,9
DA:188,9
DA:189,9
DA:190,9
DA:191,9
DA:192,9
DA:193,9
DA:194,9
DA:195,9
DA:196,9
DA:197,9
DA:198,9
DA:199,9
DA:200,9
DA:201,9
DA:202,9
DA:203,9
DA:204,9
DA:205,9
DA:206,9
DA:207,9
DA:208,9
DA:209,9
DA:210,9
DA:211,9
DA:212,9
DA:213,9
DA:214,9
DA:215,5
DA:216,5
DA:217,5
DA:218,5
DA:219,1
DA:220,1
DA:221,1
DA:222,1
DA:223,9
DA:224,9
DA:225,9
DA:226,9
DA:227,9
DA:228,9
DA:229,9
DA:230,9
DA:231,9
DA:232,9
DA:233,9
DA:234,9
DA:235,9
DA:236,9
DA:237,9
DA:238,9
DA:239,9
DA:240,9
DA:241,9
DA:242,9
DA:243,9
DA:244,9
DA:245,9
DA:246,0
DA:247,0
DA:248,9
DA:249,9
DA:250,9
DA:251,9
DA:252,9
DA:253,9
DA:254,9
DA:255,9
DA:256,9
DA:257,9
DA:258,9
DA:259,9
DA:260,9
DA:261,9
DA:262,9
DA:263,9
DA:264,9
DA:265,9
DA:266,9
DA:267,9
DA:268,9
DA:269,9
DA:270,9
DA:271,9
DA:272,9
DA:273,9
DA:274,9
DA:275,9
DA:276,9
DA:277,9
DA:278,9
DA:279,9
DA:280,9
DA:281,9
DA:282,9
DA:283,9
DA:284,9
DA:285,9
DA:286,9
DA:287,9
DA:288,9
DA:289,9
DA:290,9
DA:291,9
DA:292,9
DA:293,9
DA:294,9
DA:295,9
DA:296,9
DA:297,9
DA:298,9
DA:299,9
DA:300,9
DA:301,9
DA:302,9
DA:303,9
DA:304,9
DA:305,9
DA:306,9
DA:307,9
DA:308,9
DA:309,9
DA:310,9
DA:311,9
DA:312,9
DA:313,9
DA:314,9
DA:315,9
DA:316,9
DA:317,9
DA:318,9
DA:319,9
DA:320,9
DA:321,9
DA:322,9
DA:323,9
DA:324,9
DA:325,9
DA:326,9
DA:327,9
DA:328,9
DA:329,9
DA:330,9
DA:331,9
DA:332,9
DA:333,9
DA:334,9
DA:335,9
DA:336,9
DA:337,9
DA:338,9
DA:339,9
DA:340,9
DA:341,9
DA:342,9
DA:343,9
DA:344,9
DA:345,9
DA:346,9
DA:347,9
DA:348,9
DA:349,9
DA:350,9
DA:351,9
DA:352,9
DA:353,9
DA:354,9
DA:355,9
DA:356,9
DA:357,9
DA:358,9
DA:359,9
DA:360,9
DA:361,9
DA:362,9
DA:363,9
DA:364,9
DA:365,9
DA:366,9
DA:367,9
DA:368,9
DA:369,9
DA:370,9
DA:371,9
DA:372,9
DA:373,9
DA:374,9
DA:375,9
DA:376,9
DA:377,9
DA:378,9
DA:379,9
DA:380,9
LF:380
LH:276
BRDA:16,0,0,9
BRDA:214,1,0,5
BRDA:218,2,0,1
BRDA:35,3,0,5
BRDA:36,4,0,5
BRDA:39,5,0,4
BRDA:41,6,0,0
BRDA:43,7,0,4
BRDA:46,8,0,0
BRDA:47,9,0,1
BRDA:77,10,0,1
BRDA:226,11,0,3
BRDA:245,12,0,0
BRDA:229,13,0,1
BRF:14
BRH:11
end_of_record
TN:
SF:src/app/api/auth/login/route.ts
FN:6,POST
FNF:1
FNH:1
FNDA:6,POST
DA:1,1
DA:2,1
DA:3,1
DA:4,1
DA:5,1
DA:6,1
DA:7,6
DA:8,6
DA:9,6
DA:10,6
DA:11,6
DA:12,2
DA:13,2
DA:14,2
DA:15,2
DA:16,2
DA:17,4
DA:18,4
DA:19,4
DA:20,3
DA:21,3
DA:22,3
DA:23,3
DA:24,3
DA:25,3
DA:26,6
DA:27,2
DA:28,2
DA:29,2
DA:30,2
DA:31,2
DA:32,1
DA:33,1
DA:34,1
DA:35,1
DA:36,1
DA:37,1
DA:38,1
DA:39,1
DA:40,1
DA:41,1
DA:42,1
DA:43,1
DA:44,1
DA:45,1
DA:46,1
DA:47,1
DA:48,1
DA:49,1
DA:50,1
DA:51,1
DA:52,1
DA:53,1
DA:54,1
DA:55,1
DA:56,1
DA:57,1
DA:58,1
DA:59,1
DA:60,1
DA:61,1
DA:62,1
DA:63,1
DA:64,6
LF:64
LH:64
BRDA:6,0,0,6
BRDA:11,1,0,5
BRDA:11,2,0,2
BRDA:16,3,0,4
BRDA:19,4,0,3
BRDA:26,5,0,2
BRDA:31,6,0,1
BRDA:23,7,0,2
BRF:8
BRH:8
end_of_record
TN:
SF:src/app/api/auth/logout/route.ts
FN:4,POST
FNF:1
FNH:1
FNDA:2,POST
DA:1,1
DA:2,1
DA:3,1
DA:4,1
DA:5,2
DA:6,2
DA:7,2
DA:8,2
DA:9,2
DA:10,2
DA:11,2
DA:12,2
DA:13,2
DA:14,2
DA:15,2
DA:16,2
DA:17,2
DA:18,2
DA:19,2
DA:20,2
DA:21,2
DA:22,1
DA:23,1
DA:24,1
DA:25,1
DA:26,1
DA:27,1
DA:28,2
LF:28
LH:28
BRDA:4,0,0,2
BRDA:21,1,0,1
BRF:2
BRH:2
end_of_record
TN:
SF:src/app/api/entries/route.ts
FN:9,GET
FN:72,POST
FN:153,PUT
FNF:3
FNH:3
FNDA:6,GET
FNDA:4,POST
FNDA:5,PUT
DA:1,1
DA:2,1
DA:3,1
DA:4,1
DA:5,1
DA:6,1
DA:7,1
DA:8,1
DA:9,1
DA:10,6
DA:11,6
DA:12,6
DA:13,6
DA:14,6
DA:15,1
DA:16,1
DA:17,1
DA:18,1
DA:19,1
DA:20,5
DA:21,5
DA:22,5
DA:23,4
DA:24,4
DA:25,4
DA:26,4
DA:27,4
DA:28,4
DA:29,4
DA:30,6
DA:31,2
DA:32,2
DA:33,2
DA:34,1
DA:35,1
DA:36,1
DA:37,1
DA:38,1
DA:39,1
DA:40,1
DA:41,1
DA:42,1
DA:43,1
DA:44,1
DA:45,2
DA:46,2
DA:47,6
DA:48,1
DA:49,1
DA:50,1
DA:51,1
DA:52,1
DA:53,1
DA:54,1
DA:55,1
DA:56,1
DA:57,1
DA:58,1
DA:59,1
DA:60,1
DA:61,1
DA:62,1
DA:63,1
DA:64,1
DA:65,1
DA:66,1
DA:67,1
DA:68,1
DA:69,6
DA:70,1
DA:71,1
DA:72,1
DA:73,4
DA:74,4
DA:75,4
DA:76,4
DA:77,4
DA:78,1
DA:79,1
DA:80,1
DA:81,1
DA:82,1
DA:83,3
DA:84,3
DA:85,3
DA:86,3
DA:87,3
DA:88,3
DA:89,3
DA:90,3
DA:91,3
DA:92,3
DA:93,3
DA:94,3
DA:95,3
DA:96,4
DA:97,1
DA:98,1
DA:99,1
DA:100,1
DA:101,1
DA:102,2
DA:103,2
DA:104,2
DA:105,1
DA:106,1
DA:107,1
DA:108,1
DA:109,1
DA:110,1
DA:111,1
DA:112,1
DA:113,1
DA:114,0
DA:115,0
DA:116,0
DA:117,0
DA:118,0
DA:119,0
DA:120,0
DA:121,0
DA:122,0
DA:123,0
DA:124,0
DA:125,0
DA:126,0
DA:127,0
DA:128,0
DA:129,0
DA:130,0
DA:131,0
DA:132,0
DA:133,0
DA:134,0
DA:135,0
DA:136,0
DA:137,0
DA:138,0
DA:139,0
DA:140,0
DA:141,0
DA:142,0
DA:143,4
DA:144,1
DA:145,1
DA:146,1
DA:147,1
DA:148,1
DA:149,1
DA:150,4
DA:151,1
DA:152,1
DA:153,1
DA:154,5
DA:155,5
DA:156,5
DA:157,5
DA:158,5
DA:159,1
DA:160,1
DA:161,1
DA:162,1
DA:163,1
DA:164,4
DA:165,4
DA:166,4
DA:167,4
DA:168,4
DA:169,4
DA:170,4
DA:171,4
DA:172,4
DA:173,4
DA:174,4
DA:175,4
DA:176,4
DA:177,4
DA:178,5
DA:179,1
DA:180,1
DA:181,1
DA:182,1
DA:183,1
DA:184,3
DA:185,3
DA:186,3
DA:187,3
DA:188,3
DA:189,3
DA:190,3
DA:191,5
DA:192,1
DA:193,1
DA:194,1
DA:195,1
DA:196,1
DA:197,2
DA:198,2
DA:199,2
DA:200,5
DA:201,5
DA:202,5
DA:203,5
DA:204,5
DA:205,5
DA:206,2
DA:207,2
DA:208,2
DA:209,1
DA:210,1
DA:211,1
DA:212,1
DA:213,1
DA:214,1
DA:215,1
DA:216,1
DA:217,1
DA:218,1
DA:219,1
DA:220,1
DA:221,1
DA:222,1
DA:223,1
DA:224,5
LF:224
LH:195
BRDA:9,0,0,6
BRDA:12,1,0,5
BRDA:14,2,0,1
BRDA:19,3,0,5
BRDA:22,4,0,4
BRDA:30,5,0,2
BRDA:33,6,0,1
BRDA:47,7,0,1
BRDA:72,8,0,4
BRDA:75,9,0,3
BRDA:77,10,0,1
BRDA:82,11,0,3
BRDA:96,12,0,1
BRDA:101,13,0,2
BRDA:104,14,0,1
BRDA:113,15,0,0
BRDA:143,16,0,1
BRDA:153,17,0,5
BRDA:156,18,0,4
BRDA:158,19,0,1
BRDA:163,20,0,4
BRDA:178,21,0,1
BRDA:183,22,0,3
BRDA:191,23,0,1
BRDA:196,24,0,2
BRDA:200,25,0,0
BRDA:200,26,0,2
BRDA:201,27,0,0
BRDA:201,28,0,2
BRDA:202,29,0,0
BRDA:202,30,0,2
BRDA:203,31,0,0
BRDA:203,32,0,2
BRDA:204,33,0,0
BRDA:204,34,0,2
BRDA:205,35,0,1
BRDA:205,36,0,2
BRDA:208,37,0,1
BRF:38
BRH:32
end_of_record
TN:
SF:src/app/api/logtail/route.ts
FN:6,sendLogToBetterStack
FN:34,POST
FNF:2
FNH:2
FNDA:4,sendLogToBetterStack
FNDA:5,POST
DA:1,1
DA:2,1
DA:3,1
DA:4,1
DA:5,1
DA:6,4
DA:7,4
DA:8,4
DA:9,4
DA:10,4
DA:11,4
DA:12,4
DA:13,4
DA:14,4
DA:15,4
DA:16,4
DA:17,4
DA:18,4
DA:19,4
DA:20,4
DA:21,4
DA:22,3
DA:23,4
DA:24,1
DA:25,1
DA:26,3
DA:27,3
DA:28,4
DA:29,1
DA:30,1
DA:31,1
DA:32,4
DA:33,1
DA:34,1
DA:35,5
DA:36,5
DA:37,4
DA:38,4
DA:39,4
DA:40,4
DA:41,4
DA:42,4
DA:43,5
DA:44,5
DA:45,5
DA:46,5
DA:47,5
DA:48,5
DA:49,5
DA:50,5
DA:51,5
DA:52,1
DA:53,1
DA:54,1
DA:55,1
DA:56,1
DA:57,1
DA:58,5
LF:58
LH:58
BRDA:6,0,0,4
BRDA:21,1,0,3
BRDA:23,2,0,1
BRDA:25,3,0,3
BRDA:28,4,0,1
BRDA:34,5,0,5
BRDA:36,6,0,4
BRDA:43,7,0,2
BRDA:43,8,0,2
BRDA:47,9,0,2
BRDA:47,10,0,2
BRDA:51,11,0,1
BRF:12
BRH:12
end_of_record
TN:
SF:src/app/api/patients/route.ts
FN:9,GET
FN:84,POST
FN:163,DELETE
FNF:3
FNH:3
FNDA:4,GET
FNDA:2,POST
FNDA:3,DELETE
DA:1,1
DA:2,1
DA:3,1
DA:4,1
DA:5,1
DA:6,1
DA:7,1
DA:8,1
DA:9,1
DA:10,4
DA:11,4
DA:12,4
DA:13,4
DA:14,4
DA:15,1
DA:16,1
DA:17,1
DA:18,1
DA:19,1
DA:20,3
DA:21,3
DA:22,3
DA:23,3
DA:24,3
DA:25,3
DA:26,3
DA:27,4
DA:28,1
DA:29,1
DA:30,1
DA:31,1
DA:32,1
DA:33,2
DA:34,2
DA:35,2
DA:36,2
DA:37,2
DA:38,4
DA:39,1
DA:40,1
DA:41,1
DA:42,1
DA:43,1
DA:44,0
DA:45,0
DA:46,0
DA:47,0
DA:48,0
DA:49,1
DA:50,1
DA:51,1
DA:52,1
DA:53,1
DA:54,1
DA:55,0
DA:56,0
DA:57,0
DA:58,0
DA:59,0
DA:60,1
DA:61,1
DA:62,1
DA:63,1
DA:64,4
DA:65,0
DA:66,0
DA:67,0
DA:68,0
DA:69,1
DA:70,1
DA:71,1
DA:72,1
DA:73,1
DA:74,4
DA:75,0
DA:76,0
DA:77,0
DA:78,0
DA:79,0
DA:80,0
DA:81,4
DA:82,1
DA:83,1
DA:84,1
DA:85,2
DA:86,2
DA:87,2
DA:88,2
DA:89,2
DA:90,1
DA:91,1
DA:92,1
DA:93,1
DA:94,1
DA:95,1
DA:96,1
DA:97,1
DA:98,1
DA:99,1
DA:100,2
DA:101,1
DA:102,1
DA:103,1
DA:104,1
DA:105,1
DA:106,0
DA:107,0
DA:108,0
DA:109,0
DA:110,0
DA:111,0
DA:112,0
DA:113,0
DA:114,0
DA:115,0
DA:116,0
DA:117,0
DA:118,0
DA:119,0
DA:120,0
DA:121,0
DA:122,0
DA:123,0
DA:124,0
DA:125,0
DA:126,0
DA:127,0
DA:128,0
DA:129,0
DA:130,0
DA:131,0
DA:132,0
DA:133,0
DA:134,0
DA:135,0
DA:136,0
DA:137,0
DA:138,0
DA:139,0
DA:140,0
DA:141,0
DA:142,0
DA:143,0
DA:144,0
DA:145,0
DA:146,0
DA:147,0
DA:148,0
DA:149,0
DA:150,0
DA:151,0
DA:152,0
DA:153,0
DA:154,0
DA:155,0
DA:156,0
DA:157,0
DA:158,0
DA:159,0
DA:160,2
DA:161,1
DA:162,1
DA:163,1
DA:164,3
DA:165,3
DA:166,3
DA:167,3
DA:168,3
DA:169,1
DA:170,1
DA:171,1
DA:172,1
DA:173,1
DA:174,2
DA:175,2
DA:176,2
DA:177,2
DA:178,2
DA:179,3
DA:180,1
DA:181,1
DA:182,1
DA:183,1
DA:184,1
DA:185,1
DA:186,1
DA:187,1
DA:188,1
DA:189,1
DA:190,1
DA:191,1
DA:192,3
DA:193,0
DA:194,0
DA:195,0
DA:196,0
DA:197,0
DA:198,1
DA:199,1
DA:200,3
DA:201,0
DA:202,0
DA:203,0
DA:204,0
DA:205,0
DA:206,1
DA:207,1
DA:208,1
DA:209,1
DA:210,1
DA:211,1
DA:212,1
DA:213,1
DA:214,1
DA:215,1
DA:216,1
DA:217,1
DA:218,3
DA:219,0
DA:220,0
DA:221,0
DA:222,0
DA:223,0
DA:224,0
DA:225,3
LF:225
LH:135
BRDA:9,0,0,4
BRDA:12,1,0,3
BRDA:14,2,0,1
BRDA:19,3,0,3
BRDA:27,4,0,1
BRDA:32,5,0,2
BRDA:38,6,0,1
BRDA:43,7,0,0
BRDA:54,8,0,0
BRDA:64,9,0,0
BRDA:68,10,0,1
BRDA:74,11,0,0
BRDA:40,12,0,1
BRDA:84,13,0,2
BRDA:87,14,0,1
BRDA:89,15,0,1
BRDA:100,16,0,0
BRDA:100,17,0,0
BRDA:100,18,0,1
BRDA:105,19,0,0
BRDA:163,20,0,3
BRDA:166,21,0,2
BRDA:168,22,0,1
BRDA:173,23,0,2
BRDA:179,24,0,1
BRDA:192,25,0,0
BRDA:197,26,0,1
BRDA:200,27,0,0
BRDA:205,28,0,1
BRDA:218,29,0,0
BRDA:200,30,0,1
BRDA:208,31,0,1
BRF:32
BRH:22
end_of_record
TN:
SF:src/app/components/Navbar.tsx
FN:7,Navbar
FN:23,handleLogout
FNF:2
FNH:2
FNDA:8,Navbar
FNDA:2,handleLogout
DA:1,1
DA:2,1
DA:3,1
DA:4,1
DA:5,1
DA:6,1
DA:7,1
DA:8,8
DA:9,8
DA:10,8
DA:11,8
DA:12,5
DA:13,5
DA:14,5
DA:15,5
DA:16,5
DA:17,3
DA:18,3
DA:19,3
DA:20,3
DA:21,8
DA:22,8
DA:23,8
DA:24,2
DA:25,2
DA:26,2
DA:27,2
DA:28,2
DA:29,2
DA:30,2
DA:31,1
DA:32,1
DA:33,1
DA:34,1
DA:35,1
DA:36,1
DA:37,1
DA:38,1
DA:39,1
DA:40,2
DA:41,8
DA:42,8
DA:43,8
DA:44,8
DA:45,8
DA:46,8
DA:47,8
DA:48,8
DA:49,8
DA:50,8
DA:51,8
DA:52,8
DA:53,8
DA:54,8
DA:55,8
DA:56,8
DA:57,8
DA:58,8
DA:59,8
DA:60,8
DA:61,8
LF:61
LH:61
BRDA:7,0,0,8
BRDA:11,1,0,5
BRDA:16,2,0,3
BRDA:14,3,0,5
BRDA:23,4,0,2
BRDA:30,5,0,1
BRF:6
BRH:6
end_of_record
TN:
SF:src/app/login/page.tsx
FN:7,Login
FN:14,handleSubmit
FN:75,onChange
FN:90,onChange
FNF:4
FNH:4
FNDA:18,Login
FNDA:3,handleSubmit
FNDA:4,onChange
FNDA:4,onChange
DA:1,1
DA:2,1
DA:3,1
DA:4,1
DA:5,1
DA:6,1
DA:7,1
DA:8,18
DA:9,18
DA:10,18
DA:11,18
DA:12,18
DA:13,18
DA:14,18
DA:15,3
DA:16,3
DA:17,3
DA:18,3
DA:19,3
DA:20,3
DA:21,3
DA:22,3
DA:23,3
DA:24,3
DA:25,2
DA:26,2
DA:27,2
DA:28,3
DA:29,1
DA:30,1
DA:31,1
DA:32,1
DA:33,1
DA:34,1
DA:35,1
DA:36,1
DA:37,3
DA:38,2
DA:39,3
DA:40,3
DA:41,3
DA:42,3
DA:43,18
DA:44,18
DA:45,18
DA:46,18
DA:47,18
DA:48,18
DA:49,18
DA:50,18
DA:51,18
DA:52,18
DA:53,18
DA:54,18
DA:55,18
DA:56,18
DA:57,18
DA:58,18
DA:59,18
DA:60,18
DA:61,18
DA:62,18
DA:63,18
DA:64,18
DA:65,18
DA:66,18
DA:67,18
DA:68,18
DA:69,18
DA:70,18
DA:71,18
DA:72,18
DA:73,18
DA:74,18
DA:75,18
DA:76,18
DA:77,18
DA:78,18
DA:79,18
DA:80,18
DA:81,18
DA:82,18
DA:83,18
DA:84,18
DA:85,18
DA:86,18
DA:87,18
DA:88,18
DA:89,18
DA:90,18
DA:91,18
DA:92,18
DA:93,18
DA:94,18
DA:95,18
DA:96,18
DA:97,18
DA:98,18
DA:99,18
DA:100,18
DA:101,18
DA:102,18
DA:103,18
DA:104,18
DA:105,18
DA:106,18
DA:107,18
DA:108,18
DA:109,18
DA:110,18
LF:110
LH:110
BRDA:7,0,0,18
BRDA:100,1,0,3
BRDA:100,2,0,15
BRDA:104,3,0,3
BRDA:104,4,0,15
BRDA:14,5,0,3
BRDA:24,6,0,2
BRDA:28,7,0,1
BRDA:29,8,0,0
BRDA:37,9,0,2
BRDA:38,10,0,0
BRDA:75,11,0,4
BRDA:90,12,0,4
BRF:13
BRH:11
end_of_record
TN:
SF:src/app/patients/[id]/page.tsx
FN:29,PatientDetails
FN:42,fetchPatientDetails
FN:82,fetchPatientEntries
FN:107,handleBack
FN:111,handleViewEntry
FN:116,handleAddEntry
FN:122,formatDate
FN:205,onClick
FNF:8
FNH:6
FNDA:8,PatientDetails
FNDA:5,fetchPatientDetails
FNDA:5,fetchPatientEntries
FNDA:1,handleBack
FNDA:0,handleViewEntry
FNDA:1,handleAddEntry
FNDA:3,formatDate
FNDA:0,onClick
DA:1,1
DA:2,1
DA:3,1
DA:4,1
DA:5,1
DA:6,1
DA:7,1
DA:8,1
DA:9,1
DA:10,1
DA:11,1
DA:12,1
DA:13,1
DA:14,1
DA:15,1
DA:16,1
DA:17,1
DA:18,1
DA:19,1
DA:20,1
DA:21,1
DA:22,1
DA:23,1
DA:24,1
DA:25,1
DA:26,1
DA:27,1
DA:28,1
DA:29,1
DA:30,8
DA:31,8
DA:32,8
DA:33,8
DA:34,8
DA:35,8
DA:36,8
DA:37,8
DA:38,8
DA:39,8
DA:40,8
DA:41,8
DA:42,5
DA:43,5
DA:44,5
DA:45,5
DA:46,5
DA:47,5
DA:48,5
DA:49,5
DA:50,0
DA:51,0
DA:52,4
DA:53,4
DA:54,4
DA:55,5
DA:56,0
DA:57,0
DA:58,0
DA:59,0
DA:60,0
DA:61,0
DA:62,5
DA:63,4
DA:64,4
DA:65,0
DA:66,0
DA:67,5
DA:68,1
DA:69,1
DA:70,5
DA:71,5
DA:72,5
DA:73,5
DA:74,5
DA:75,5
DA:76,5
DA:77,5
DA:78,8
DA:79,8
DA:80,8
DA:81,8
DA:82,5
DA:83,5
DA:84,5
DA:85,5
DA:86,5
DA:87,5
DA:88,5
DA:89,5
DA:90,5
DA:91,0
DA:92,0
DA:93,4
DA:94,4
DA:95,5
DA:96,5
DA:97,1
DA:98,1
DA:99,5
DA:100,5
DA:101,5
DA:102,5
DA:103,5
DA:104,5
DA:105,8
DA:106,8
DA:107,8
DA:108,1
DA:109,1
DA:110,8
DA:111,8
DA:112,0
DA:113,0
DA:114,0
DA:115,8
DA:116,8
DA:117,1
DA:118,1
DA:119,1
DA:120,8
DA:121,8
DA:122,8
DA:123,3
DA:124,3
DA:125,3
DA:126,3
DA:127,0
DA:128,0
DA:129,0
DA:130,3
DA:131,8
DA:132,8
DA:133,8
DA:134,8
DA:135,8
DA:136,8
DA:137,8
DA:138,8
DA:139,8
DA:140,8
DA:141,8
DA:142,8
DA:143,8
DA:144,8
DA:145,8
DA:146,8
DA:147,8
DA:148,8
DA:149,5
DA:150,5
DA:151,5
DA:152,5
DA:153,0
DA:154,0
DA:155,0
DA:156,0
DA:157,8
DA:158,8
DA:159,8
DA:160,8
DA:161,8
DA:162,8
DA:163,8
DA:164,8
DA:165,8
DA:166,8
DA:167,8
DA:168,8
DA:169,8
DA:170,8
DA:171,8
DA:172,8
DA:173,8
DA:174,8
DA:175,8
DA:176,8
DA:177,8
DA:178,8
DA:179,8
DA:180,8
DA:181,8
DA:182,8
DA:183,0
DA:184,0
DA:185,0
DA:186,0
DA:187,0
DA:188,0
DA:189,0
DA:190,8
DA:191,8
DA:192,8
DA:193,8
DA:194,8
DA:195,8
DA:196,8
DA:197,8
DA:198,8
DA:199,8
DA:200,8
DA:201,8
DA:202,8
DA:203,8
DA:204,8
DA:205,8
DA:206,8
DA:207,8
DA:208,8
DA:209,8
DA:210,8
DA:211,8
DA:212,8
DA:213,8
DA:214,8
DA:215,8
DA:216,8
DA:217,8
DA:218,8
DA:219,8
DA:220,8
DA:221,8
DA:222,8
DA:223,8
DA:224,8
DA:225,8
DA:226,8
DA:227,8
DA:228,8
DA:229,8
DA:230,8
DA:231,8
DA:232,8
DA:233,8
DA:234,8
DA:235,8
DA:236,8
DA:237,8
DA:238,8
DA:239,8
DA:240,8
DA:241,8
DA:242,8
DA:243,8
DA:244,8
DA:245,8
LF:245
LH:216
BRDA:29,0,0,8
BRDA:148,1,0,5
BRDA:152,2,0,0
BRDA:182,3,0,0
BRDA:186,4,0,0
BRDA:41,5,0,5
BRDA:42,6,0,5
BRDA:49,7,0,0
BRDA:51,8,0,4
BRDA:55,9,0,0
BRDA:55,10,0,0
BRDA:62,11,0,4
BRDA:64,12,0,0
BRDA:67,13,0,1
BRDA:81,14,0,5
BRDA:82,15,0,5
BRDA:83,16,0,0
BRDA:90,17,0,0
BRDA:92,18,0,4
BRDA:95,19,0,0
BRDA:96,20,0,1
BRDA:107,21,0,1
BRDA:116,22,0,1
BRDA:122,23,0,3
BRDA:126,24,0,0
BRDA:192,25,0,3
BRF:26
BRH:15
end_of_record
TN:
SF:src/app/patients/[id]/entries/[entryId]/page.tsx
FN:44,EntryDetails
FN:71,fetchData
FN:126,handleBack
FN:130,handleToggleReviewed
FN:185,formatDate
FN:195,handleExport
FN:331,onChange
FN:348,onChange
FN:365,onChange
FN:382,onChange
FN:399,onChange
FN:416,onChange
FNF:12
FNH:4
FNDA:17,EntryDetails
FNDA:9,fetchData
FNDA:1,handleBack
FNDA:0,handleToggleReviewed
FNDA:0,formatDate
FNDA:0,handleExport
FNDA:1,onChange
FNDA:0,onChange
FNDA:0,onChange
FNDA:0,onChange
FNDA:0,onChange
FNDA:0,onChange
DA:1,1
DA:2,1
DA:3,1
DA:4,1
DA:5,1
DA:6,1
DA:7,1
DA:8,1
DA:9,1
DA:10,1
DA:11,1
DA:12,1
DA:13,1
DA:14,1
DA:15,1
DA:16,1
DA:17,1
DA:18,1
DA:19,1
DA:20,1
DA:21,1
DA:22,1
DA:23,1
DA:24,1
DA:25,1
DA:26,1
DA:27,1
DA:28,1
DA:29,1
DA:30,1
DA:31,1
DA:32,1
DA:33,1
DA:34,1
DA:35,1
DA:36,1
DA:37,1
DA:38,1
DA:39,1
DA:40,1
DA:41,1
DA:42,1
DA:43,1
DA:44,1
DA:45,17
DA:46,17
DA:47,17
DA:48,17
DA:49,17
DA:50,17
DA:51,17
DA:52,17
DA:53,17
DA:54,17
DA:55,17
DA:56,17
DA:57,17
DA:58,17
DA:59,17
DA:60,17
DA:61,17
DA:62,17
DA:63,17
DA:64,17
DA:65,17
DA:66,17
DA:67,17
DA:68,17
DA:69,17
DA:70,17
DA:71,9
DA:72,9
DA:73,9
DA:74,9
DA:75,9
DA:76,9
DA:77,8
DA:78,9
DA:79,1
DA:80,1
DA:81,7
DA:82,7
DA:83,7
DA:84,9
DA:85,6
DA:86,9
DA:87,1
DA:88,1
DA:89,7
DA:90,7
DA:91,7
DA:92,7
DA:93,9
DA:94,1
DA:95,1
DA:96,6
DA:97,6
DA:98,6
DA:99,9
DA:100,4
DA:101,4
DA:102,4
DA:103,4
DA:104,4
DA:105,4
DA:106,4
DA:107,4
DA:108,4
DA:109,4
DA:110,9
DA:111,2
DA:112,2
DA:113,9
DA:114,5
DA:115,5
DA:116,9
DA:117,9
DA:118,9
DA:119,9
DA:120,9
DA:121,9
DA:122,9
DA:123,9
DA:124,17
DA:125,17
DA:126,17
DA:127,1
DA:128,1
DA:129,17
DA:130,17
DA:131,0
DA:132,0
DA:133,0
DA:134,0
DA:135,0
DA:136,0
DA:137,0
DA:138,0
DA:139,0
DA:140,0
DA:141,0
DA:142,0
DA:143,0
DA:144,0
DA:145,0
DA:146,0
DA:147,0
DA:148,0
DA:149,0
DA:150,0
DA:151,0
DA:152,0
DA:153,0
DA:154,0
DA:155,0
DA:156,0
DA:157,0
DA:158,0
DA:159,0
DA:160,0
DA:161,0
DA:162,0
DA:163,0
DA:164,0
DA:165,0
DA:166,0
DA:167,0
DA:168,0
DA:169,0
DA:170,0
DA:171,0
DA:172,0
DA:173,0
DA:174,0
DA:175,0
DA:176,0
DA:177,0
DA:178,0
DA:179,0
DA:180,0
DA:181,0
DA:182,0
DA:183,0
DA:184,17
DA:185,17
DA:186,0
DA:187,0
DA:188,0
DA:189,0
DA:190,0
DA:191,0
DA:192,0
DA:193,0
DA:194,17
DA:195,17
DA:196,0
DA:197,0
DA:198,0
DA:199,0
DA:200,0
DA:201,0
DA:202,0
DA:203,0
DA:204,0
DA:205,0
DA:206,0
DA:207,0
DA:208,0
DA:209,0
DA:210,0
DA:211,0
DA:212,0
DA:213,0
DA:214,0
DA:215,0
DA:216,0
DA:217,0
DA:218,0
DA:219,0
DA:220,0
DA:221,0
DA:222,0
DA:223,0
DA:224,0
DA:225,0
DA:226,0
DA:227,0
DA:228,0
DA:229,0
DA:230,0
DA:231,0
DA:232,0
DA:233,0
DA:234,0
DA:235,0
DA:236,0
DA:237,0
DA:238,0
DA:239,0
DA:240,0
DA:241,0
DA:242,0
DA:243,0
DA:244,0
DA:245,0
DA:246,0
DA:247,0
DA:248,0
DA:249,0
DA:250,0
DA:251,0
DA:252,0
DA:253,0
DA:254,0
DA:255,0
DA:256,0
DA:257,0
DA:258,0
DA:259,0
DA:260,0
DA:261,0
DA:262,0
DA:263,0
DA:264,0
DA:265,0
DA:266,0
DA:267,0
DA:268,0
DA:269,0
DA:270,0
DA:271,0
DA:272,0
DA:273,0
DA:274,0
DA:275,0
DA:276,0
DA:277,0
DA:278,0
DA:279,0
DA:280,0
DA:281,0
DA:282,0
DA:283,17
DA:284,17
DA:285,17
DA:286,17
DA:287,17
DA:288,17
DA:289,17
DA:290,17
DA:291,17
DA:292,17
DA:293,17
DA:294,17
DA:295,17
DA:296,17
DA:297,17
DA:298,17
DA:299,17
DA:300,17
DA:301,17
DA:302,17
DA:303,17
DA:304,17
DA:305,17
DA:306,17
DA:307,17
DA:308,17
DA:309,17
DA:310,17
DA:311,17
DA:312,17
DA:313,9
DA:314,9
DA:315,9
DA:316,9
DA:317,5
DA:318,5
DA:319,5
DA:320,5
DA:321,5
DA:322,5
DA:323,5
DA:324,5
DA:325,5
DA:326,5
DA:327,5
DA:328,5
DA:329,5
DA:330,5
DA:331,5
DA:332,5
DA:333,5
DA:334,5
DA:335,5
DA:336,5
DA:337,5
DA:338,5
DA:339,5
DA:340,5
DA:341,5
DA:342,5
DA:343,5
DA:344,5
DA:345,5
DA:346,5
DA:347,5
DA:348,5
DA:349,5
DA:350,5
DA:351,5
DA:352,5
DA:353,5
DA:354,5
DA:355,5
DA:356,5
DA:357,5
DA:358,5
DA:359,5
DA:360,5
DA:361,5
DA:362,5
DA:363,5
DA:364,5
DA:365,5
DA:366,5
DA:367,5
DA:368,5
DA:369,5
DA:370,5
DA:371,5
DA:372,5
DA:373,5
DA:374,5
DA:375,5
DA:376,5
DA:377,5
DA:378,5
DA:379,5
DA:380,5
DA:381,5
DA:382,5
DA:383,5
DA:384,5
DA:385,5
DA:386,5
DA:387,5
DA:388,5
DA:389,5
DA:390,5
DA:391,5
DA:392,5
DA:393,5
DA:394,5
DA:395,5
DA:396,5
DA:397,5
DA:398,5
DA:399,5
DA:400,5
DA:401,5
DA:402,5
DA:403,5
DA:404,5
DA:405,5
DA:406,5
DA:407,5
DA:408,5
DA:409,5
DA:410,5
DA:411,5
DA:412,5
DA:413,5
DA:414,5
DA:415,5
DA:416,5
DA:417,5
DA:418,5
DA:419,5
DA:420,5
DA:421,5
DA:422,5
DA:423,5
DA:424,5
DA:425,5
DA:426,5
DA:427,5
DA:428,5
DA:429,5
DA:430,5
DA:431,5
DA:432,5
DA:433,5
DA:434,5
DA:435,0
DA:436,5
DA:437,0
DA:438,5
DA:439,5
DA:440,5
DA:441,5
DA:442,0
DA:443,0
DA:444,0
DA:445,5
DA:446,5
DA:447,5
DA:448,5
DA:449,5
DA:450,5
DA:451,5
DA:452,5
DA:453,5
DA:454,5
DA:455,5
DA:456,5
DA:457,5
DA:458,5
DA:459,0
DA:460,0
DA:461,0
DA:462,5
DA:463,5
DA:464,5
DA:465,5
DA:466,5
DA:467,5
DA:468,5
DA:469,5
DA:470,17
DA:471,17
DA:472,17
DA:473,17
DA:474,17
DA:475,17
DA:476,17
DA:477,17
LF:477
LH:321
BRDA:44,0,0,17
BRDA:301,1,0,0
BRDA:305,2,0,14
BRDA:307,3,0,0
BRDA:312,4,0,9
BRDA:316,5,0,5
BRDA:334,6,0,0
BRDA:351,7,0,0
BRDA:368,8,0,0
BRDA:385,9,0,0
BRDA:402,10,0,0
BRDA:419,11,0,0
BRDA:434,12,0,0
BRDA:436,13,0,0
BRDA:441,14,0,0
BRDA:446,15,0,0
BRDA:455,16,0,0
BRDA:458,17,0,0
BRDA:464,18,0,0
BRDA:70,19,0,9
BRDA:71,20,0,9
BRDA:76,21,0,8
BRDA:78,22,0,1
BRDA:80,23,0,7
BRDA:84,24,0,6
BRDA:86,25,0,1
BRDA:88,26,0,7
BRDA:93,27,0,1
BRDA:95,28,0,6
BRDA:99,29,0,4
BRDA:110,30,0,2
BRDA:113,31,0,5
BRDA:126,32,0,1
BRDA:331,33,0,1
BRF:34
BRH:19
end_of_record
TN:
SF:src/app/patients/[id]/new-entry/page.tsx
FN:7,NewEntry
FN:23,handleBack
FN:27,handleMicrophoneClick
FN:32,handleSubmit
FN:111,onChange
FN:126,onChange
FN:141,onChange
FN:156,onChange
FN:171,onChange
FN:186,onChange
FNF:10
FNH:9
FNDA:14,NewEntry
FNDA:1,handleBack
FNDA:0,handleMicrophoneClick
FNDA:1,handleSubmit
FNDA:2,onChange
FNDA:2,onChange
FNDA:1,onChange
FNDA:1,onChange
FNDA:1,onChange
FNDA:1,onChange
DA:1,1
DA:2,1
DA:3,1
DA:4,1
DA:5,1
DA:6,1
DA:7,1
DA:8,14
DA:9,14
DA:10,14
DA:11,14
DA:12,14
DA:13,14
DA:14,14
DA:15,14
DA:16,14
DA:17,14
DA:18,14
DA:19,14
DA:20,14
DA:21,14
DA:22,14
DA:23,14
DA:24,1
DA:25,1
DA:26,14
DA:27,14
DA:28,0
DA:29,0
DA:30,0
DA:31,14
DA:32,14
DA:33,1
DA:34,1
DA:35,1
DA:36,1
DA:37,1
DA:38,1
DA:39,1
DA:40,1
DA:41,1
DA:42,1
DA:43,1
DA:44,1
DA:45,1
DA:46,1
DA:47,1
DA:48,1
DA:49,1
DA:50,1
DA:51,1
DA:52,1
DA:53,1
DA:54,1
DA:55,1
DA:56,1
DA:57,1
DA:58,1
DA:59,0
DA:60,0
DA:61,0
DA:62,1
DA:63,1
DA:64,1
DA:65,1
DA:66,0
DA:67,0
DA:68,1
DA:69,1
DA:70,1
DA:71,1
DA:72,14
DA:73,14
DA:74,14
DA:75,14
DA:76,14
DA:77,14
DA:78,14
DA:79,14
DA:80,14
DA:81,14
DA:82,14
DA:83,14
DA:84,14
DA:85,14
DA:86,14
DA:87,14
DA:88,14
DA:89,14
DA:90,14
DA:91,14
DA:92,14
DA:93,14
DA:94,14
DA:95,14
DA:96,14
DA:97,14
DA:98,14
DA:99,14
DA:100,14
DA:101,14
DA:102,14
DA:103,14
DA:104,14
DA:105,14
DA:106,14
DA:107,14
DA:108,14
DA:109,14
DA:110,14
DA:111,14
DA:112,14
DA:113,14
DA:114,14
DA:115,14
DA:116,14
DA:117,14
DA:118,14
DA:119,14
DA:120,14
DA:121,14
DA:122,14
DA:123,14
DA:124,14
DA:125,14
DA:126,14
DA:127,14
DA:128,14
DA:129,14
DA:130,14
DA:131,14
DA:132,14
DA:133,14
DA:134,14
DA:135,14
DA:136,14
DA:137,14
DA:138,14
DA:139,14
DA:140,14
DA:141,14
DA:142,14
DA:143,14
DA:144,14
DA:145,14
DA:146,14
DA:147,14
DA:148,14
DA:149,14
DA:150,14
DA:151,14
DA:152,14
DA:153,14
DA:154,14
DA:155,14
DA:156,14
DA:157,14
DA:158,14
DA:159,14
DA:160,14
DA:161,14
DA:162,14
DA:163,14
DA:164,14
DA:165,14
DA:166,14
DA:167,14
DA:168,14
DA:169,14
DA:170,14
DA:171,14
DA:172,14
DA:173,14
DA:174,14
DA:175,14
DA:176,14
DA:177,14
DA:178,14
DA:179,14
DA:180,14
DA:181,14
DA:182,14
DA:183,14
DA:184,14
DA:185,14
DA:186,14
DA:187,14
DA:188,14
DA:189,14
DA:190,14
DA:191,14
DA:192,14
DA:193,14
DA:194,14
DA:195,14
DA:196,14
DA:197,14
DA:198,14
DA:199,14
DA:200,14
DA:201,14
DA:202,14
DA:203,14
DA:204,14
DA:205,14
DA:206,14
DA:207,14
DA:208,14
DA:209,14
DA:210,14
DA:211,14
DA:212,14
DA:213,14
DA:214,14
DA:215,14
DA:216,14
DA:217,14
DA:218,14
DA:219,14
DA:220,14
DA:221,14
DA:222,14
DA:223,14
DA:224,14
LF:224
LH:216
BRDA:7,0,0,14
BRDA:213,1,0,1
BRDA:213,2,0,13
BRDA:216,3,0,1
BRDA:216,4,0,13
BRDA:23,5,0,1
BRDA:32,6,0,1
BRDA:58,7,0,0
BRDA:65,8,0,0
BRDA:111,9,0,2
BRDA:126,10,0,2
BRDA:141,11,0,1
BRDA:156,12,0,1
BRDA:171,13,0,1
BRDA:186,14,0,1
BRF:15
BRH:13
end_of_record
TN:
SF:src/app/utils/log.ts
FN:1,log
FNF:1
FNH:1
FNDA:4,log
DA:1,1
DA:2,4
DA:3,4
DA:4,4
DA:5,4
DA:6,4
DA:7,4
DA:8,4
DA:9,4
DA:10,4
DA:11,1
DA:12,1
DA:13,4
DA:14,1
DA:15,1
DA:16,4
LF:16
LH:16
BRDA:1,0,0,4
BRDA:9,1,0,3
BRDA:10,2,0,1
BRDA:13,3,0,1
BRF:4
BRH:4
end_of_record
TN:
SF:src/lib/mongodb.js
FN:16,connectToDatabase
FNF:1
FNH:1
FNDA:1,connectToDatabase
DA:1,1
DA:2,1
DA:3,1
DA:4,1
DA:5,1
DA:6,1
DA:7,1
DA:8,1
DA:9,1
DA:10,1
DA:11,1
DA:12,1
DA:13,1
DA:14,1
DA:15,1
DA:16,1
DA:17,1
DA:18,1
DA:19,1
DA:20,1
DA:21,1
DA:22,1
DA:23,0
DA:24,0
DA:25,0
DA:26,1
DA:27,1
DA:28,1
DA:29,1
DA:30,1
DA:31,0
DA:32,0
DA:33,0
DA:34,1
DA:35,1
DA:36,1
DA:37,1
DA:38,1
LF:38
LH:32
BRDA:6,0,0,1
BRDA:16,1,0,1
BRDA:17,2,0,0
BRDA:30,3,0,0
BRDA:21,4,0,1
BRF:5
BRH:3
end_of_record
TN:
SF:src/lib/models/Entry.ts
FNF:0
FNH:0
DA:1,1
DA:2,1
DA:3,1
DA:4,1
DA:5,1
DA:6,1
DA:7,1
DA:8,1
DA:9,1
DA:10,1
DA:11,1
DA:12,1
DA:13,1
DA:14,1
DA:15,1
DA:16,1
DA:17,1
DA:18,1
DA:19,1
DA:20,1
DA:21,1
DA:22,1
DA:23,1
DA:24,1
DA:25,1
DA:26,1
DA:27,1
DA:28,1
DA:29,1
DA:30,1
DA:31,1
DA:32,1
DA:33,1
DA:34,1
DA:35,1
DA:36,1
DA:37,1
DA:38,1
DA:39,1
DA:40,1
DA:41,1
DA:42,1
DA:43,1
DA:44,1
DA:45,1
DA:46,1
DA:47,1
DA:48,1
DA:49,1
DA:50,1
DA:51,1
DA:52,1
DA:53,1
DA:54,1
DA:55,1
DA:56,1
LF:56
LH:56
BRDA:49,0,0,1
BRF:1
BRH:1
end_of_record
TN:
SF:src/lib/models/Patient.ts
FNF:0
FNH:0
DA:1,1
DA:2,1
DA:3,1
DA:4,1
DA:5,1
DA:6,1
DA:7,1
DA:8,1
DA:9,1
DA:10,1
DA:11,1
DA:12,1
DA:13,1
DA:14,1
DA:15,1
DA:16,1
DA:17,1
DA:18,1
DA:19,1
DA:20,1
DA:21,1
DA:22,1
DA:23,1
DA:24,1
DA:25,1
DA:26,1
DA:27,1
DA:28,1
DA:29,1
DA:30,1
DA:31,1
DA:32,1
DA:33,1
DA:34,1
DA:35,1
DA:36,1
DA:37,1
DA:38,1
DA:39,1
DA:40,1
DA:41,1
DA:42,1
DA:43,1
DA:44,1
DA:45,1
DA:46,1
DA:47,1
DA:48,1
DA:49,1
LF:49
LH:49
BRDA:42,0,0,1
BRF:1
BRH:1
end_of_record
TN:
SF:src/lib/models/User.ts
FNF:0
FNH:0
DA:1,1
DA:2,1
DA:3,1
DA:4,1
DA:5,1
DA:6,1
DA:7,1
DA:8,1
DA:9,1
DA:10,1
DA:11,1
DA:12,1
DA:13,1
DA:14,1
DA:15,1
DA:16,1
DA:17,1
DA:18,1
DA:19,1
DA:20,1
DA:21,1
DA:22,1
DA:23,1
DA:24,1
DA:25,1
DA:26,1
DA:27,1
DA:28,1
DA:29,1
DA:30,1
DA:31,1
DA:32,1
DA:33,1
DA:34,1
DA:35,1
DA:36,1
DA:37,1
DA:38,1
DA:39,1
DA:40,1
LF:40
LH:40
BRDA:33,0,0,1
BRF:1
BRH:1
end_of_record
